{
  "RSpec": {
    "coverage": {
      "/Users/pilipolkin/ruby_projects/cbva/config/environment.rb": [
        null,
        1,
        null,
        null,
        1
      ],
      "/Users/pilipolkin/ruby_projects/cbva/config/application.rb": [
        1,
        null,
        1,
        null,
        null,
        null,
        1,
        null,
        1,
        1,
        null,
        null,
        null,
        null,
        null,
        null,
        null,
        null,
        null,
        null,
        null,
        null,
        1,
        null,
        null
      ],
      "/Users/pilipolkin/ruby_projects/cbva/config/boot.rb": [
        null,
        1,
        null,
        1
      ],
      "/Users/pilipolkin/ruby_projects/cbva/config/environments/test.rb": [
        1,
        null,
        null,
        null,
        null,
        null,
        null,
        1,
        null,
        null,
        null,
        null,
        1,
        null,
        null,
        1,
        1,
        null,
        null,
        1,
        1,
        null,
        null,
        1,
        null,
        null,
        1,
        null,
        null,
        null,
        null,
        1,
        null,
        null,
        1,
        null,
        null,
        null,
        null,
        null,
        null,
        1,
        null
      ],
      "/Users/pilipolkin/ruby_projects/cbva/config/initializers/backtrace_silencers.rb": [
        null,
        null,
        null,
        null,
        null,
        null,
        null
      ],
      "/Users/pilipolkin/ruby_projects/cbva/config/initializers/cookies_serializer.rb": [
        null,
        null,
        1
      ],
      "/Users/pilipolkin/ruby_projects/cbva/config/initializers/filter_parameter_logging.rb": [
        null,
        null,
        null,
        1
      ],
      "/Users/pilipolkin/ruby_projects/cbva/config/initializers/inflections.rb": [
        null,
        null,
        null,
        null,
        null,
        null,
        null,
        null,
        null,
        null,
        null,
        null,
        null,
        null,
        null,
        null
      ],
      "/Users/pilipolkin/ruby_projects/cbva/config/initializers/mime_types.rb": [
        null,
        null,
        null,
        null
      ],
      "/Users/pilipolkin/ruby_projects/cbva/config/initializers/session_store.rb": [
        null,
        null,
        1
      ],
      "/Users/pilipolkin/ruby_projects/cbva/config/initializers/wrap_parameters.rb": [
        null,
        null,
        null,
        null,
        null,
        null,
        1,
        1,
        null,
        null,
        null,
        null,
        null,
        null
      ],
      "/Users/pilipolkin/ruby_projects/cbva/spec/factories.rb": [
        1,
        null,
        null,
        1,
        1,
        1,
        1,
        1,
        null,
        null,
        1,
        255,
        253,
        null,
        null,
        1,
        171,
        1,
        1,
        null,
        null,
        1,
        1,
        1,
        1,
        1,
        1,
        1,
        1,
        1,
        1,
        null,
        null,
        1,
        1,
        null,
        null,
        1,
        1,
        1,
        1,
        99,
        null,
        null,
        1,
        1,
        1,
        1,
        26,
        28,
        null,
        null,
        null
      ],
      "/Users/pilipolkin/ruby_projects/cbva/config/routes.rb": [
        1,
        null,
        null,
        null,
        1,
        1,
        1,
        1,
        1,
        1,
        null,
        1,
        null,
        1,
        1,
        1,
        1,
        null,
        null,
        1,
        1,
        1,
        null,
        null,
        1,
        null,
        null,
        1,
        1,
        1,
        1,
        null,
        null,
        null,
        null,
        null,
        null,
        null,
        null,
        null,
        null,
        null,
        null,
        null,
        null,
        null,
        null,
        null,
        null,
        null,
        null,
        null,
        null,
        null,
        null,
        null,
        null,
        null,
        null,
        null,
        null,
        null,
        null,
        null,
        null,
        null,
        null,
        null,
        null,
        null,
        null,
        null,
        null,
        null,
        null,
        null,
        null,
        null,
        null,
        null,
        null,
        null,
        null,
        null,
        null,
        null,
        null,
        null,
        null,
        null,
        null
      ],
      "/Users/pilipolkin/ruby_projects/cbva/app/helpers/application_helper.rb": [
        1,
        null,
        null,
        1,
        45,
        45,
        45,
        null,
        null
      ],
      "/Users/pilipolkin/ruby_projects/cbva/app/helpers/leagues_helper.rb": [
        1,
        null
      ],
      "/Users/pilipolkin/ruby_projects/cbva/app/helpers/matches_helper.rb": [
        1,
        null
      ],
      "/Users/pilipolkin/ruby_projects/cbva/app/helpers/sessions_helper.rb": [
        1,
        null,
        1,
        7,
        7,
        7,
        7,
        null,
        null,
        1,
        54,
        null,
        null,
        1,
        43,
        null,
        null,
        1,
        14,
        null,
        null,
        1,
        8,
        null,
        null,
        1,
        119,
        119,
        null,
        null,
        1,
        1,
        null,
        1,
        1,
        null,
        null,
        null
      ],
      "/Users/pilipolkin/ruby_projects/cbva/app/helpers/standings_helper.rb": [
        1,
        null
      ],
      "/Users/pilipolkin/ruby_projects/cbva/app/helpers/static_pages_helper.rb": [
        1,
        null
      ],
      "/Users/pilipolkin/ruby_projects/cbva/app/helpers/teams_helper.rb": [
        1,
        null
      ],
      "/Users/pilipolkin/ruby_projects/cbva/app/helpers/tier_settings_helper.rb": [
        1,
        null
      ],
      "/Users/pilipolkin/ruby_projects/cbva/app/helpers/users_helper.rb": [
        1,
        null
      ],
      "/Users/pilipolkin/ruby_projects/cbva/app/helpers/weeks_helper.rb": [
        1,
        null
      ],
      "/Users/pilipolkin/ruby_projects/cbva/spec/support/utilities.rb": [
        1
      ],
      "/Users/pilipolkin/ruby_projects/cbva/app/controllers/leagues_controller.rb": [
        1,
        1,
        null,
        null,
        null,
        1,
        6,
        null,
        null,
        null,
        null,
        1,
        4,
        null,
        null,
        null,
        1,
        1,
        null,
        null,
        null,
        1,
        null,
        null,
        null,
        null,
        1,
        5,
        5,
        3,
        null,
        2,
        null,
        null,
        null,
        null,
        null,
        1,
        5,
        2,
        null,
        3,
        null,
        null,
        null,
        null,
        null,
        1,
        2,
        2,
        null,
        null,
        1,
        null,
        1,
        12,
        null,
        null,
        null,
        1,
        10,
        null,
        null
      ],
      "/Users/pilipolkin/ruby_projects/cbva/app/controllers/application_controller.rb": [
        1,
        null,
        null,
        1,
        1,
        null
      ],
      "/Users/pilipolkin/ruby_projects/cbva/spec/controllers/matches_controller_spec.rb": [
        1,
        null,
        1,
        null,
        1,
        1,
        null,
        null,
        null,
        null,
        1,
        1,
        null,
        null,
        null,
        1,
        1,
        0,
        null,
        null,
        1,
        1,
        0,
        null,
        null,
        null,
        null,
        1,
        1,
        null,
        1,
        null,
        null,
        1,
        null,
        1,
        null,
        null,
        null,
        null
      ],
      "/Users/pilipolkin/ruby_projects/cbva/app/controllers/matches_controller.rb": [
        1,
        null,
        null,
        null,
        1,
        0,
        null,
        0,
        0,
        0,
        0,
        null,
        0,
        null,
        null,
        null,
        1,
        null,
        null,
        1,
        0,
        0,
        0,
        null,
        null
      ],
      "/Users/pilipolkin/ruby_projects/cbva/spec/controllers/standings_controller_spec.rb": [
        1,
        null,
        null,
        null,
        null,
        null,
        null,
        null,
        null,
        null,
        null,
        null,
        null,
        null,
        null,
        null,
        null,
        null,
        null,
        null,
        1,
        null,
        null,
        null,
        null,
        1,
        15,
        null,
        null,
        null,
        null,
        null,
        null,
        16,
        null,
        1,
        1,
        1,
        1,
        1,
        null,
        null,
        null,
        1,
        1,
        1,
        1,
        null,
        null,
        null,
        1,
        1,
        1,
        1,
        1,
        null,
        null,
        null,
        1,
        1,
        1,
        1,
        1,
        null,
        null,
        null,
        1,
        1,
        1,
        1,
        null,
        null,
        1,
        1,
        1,
        null,
        null,
        null,
        1,
        1,
        null,
        1,
        1,
        1,
        null,
        null,
        1,
        null,
        1,
        1,
        1,
        null,
        null,
        null,
        null,
        1,
        1,
        1,
        1,
        null,
        null,
        null,
        null,
        1,
        1,
        null,
        null,
        1,
        1,
        1,
        1,
        null,
        null,
        1,
        1,
        1,
        1,
        null,
        null,
        null,
        1,
        1,
        1,
        null,
        1,
        1,
        1,
        null,
        null,
        1,
        1,
        null,
        1,
        1,
        1,
        null,
        null,
        null,
        null,
        1,
        1,
        1,
        1,
        1,
        null,
        null,
        null,
        1,
        1,
        1,
        1,
        null,
        null,
        null,
        null
      ],
      "/Users/pilipolkin/ruby_projects/cbva/app/controllers/standings_controller.rb": [
        1,
        1,
        1,
        null,
        null,
        1,
        null,
        null,
        null,
        1,
        1,
        1,
        null,
        null,
        null,
        1,
        null,
        null,
        null,
        1,
        5,
        5,
        3,
        null,
        2,
        null,
        null,
        null,
        null,
        null,
        1,
        5,
        2,
        null,
        3,
        null,
        null,
        null,
        null,
        1,
        2,
        2,
        null,
        null,
        1,
        null,
        1,
        10,
        null,
        null,
        null,
        1,
        10,
        null,
        null,
        1,
        6,
        null,
        null
      ],
      "/Users/pilipolkin/ruby_projects/cbva/spec/controllers/static_pages_controller_spec.rb": [
        1,
        null,
        1,
        null,
        1,
        1,
        1,
        0,
        null,
        null,
        null,
        1,
        1,
        1,
        1,
        null,
        null,
        null,
        null
      ],
      "/Users/pilipolkin/ruby_projects/cbva/app/controllers/static_pages_controller.rb": [
        1,
        1,
        null,
        null,
        1,
        null,
        null,
        1,
        null,
        null
      ],
      "/Users/pilipolkin/ruby_projects/cbva/spec/controllers/teams_controller_spec.rb": [
        1,
        null,
        null,
        null,
        null,
        null,
        null,
        null,
        null,
        null,
        null,
        null,
        null,
        null,
        null,
        null,
        null,
        null,
        null,
        null,
        1,
        null,
        16,
        4,
        null,
        null,
        null,
        null,
        16,
        null,
        1,
        1,
        9,
        null,
        null,
        1,
        1,
        1,
        0,
        null,
        null,
        null,
        1,
        1,
        1,
        1,
        null,
        null,
        null,
        null,
        1,
        null,
        1,
        1,
        1,
        null,
        null,
        1,
        1,
        1,
        1,
        null,
        null,
        null,
        1,
        1,
        1,
        null,
        null,
        null,
        null,
        1,
        1,
        1,
        null,
        null,
        null,
        null,
        1,
        1,
        null,
        null,
        1,
        1,
        1,
        null,
        null,
        1,
        1,
        1,
        null,
        null,
        null,
        1,
        1,
        null,
        1,
        1,
        1,
        null,
        null,
        null,
        null,
        null,
        1,
        1,
        1,
        1,
        null,
        null,
        null,
        1,
        1,
        1,
        1,
        1,
        null,
        null,
        null,
        1,
        1,
        1,
        1,
        null,
        null,
        1,
        1,
        1,
        null,
        null,
        null,
        null,
        1,
        1,
        null,
        1,
        1,
        1,
        null,
        null,
        1,
        null,
        1,
        1,
        1,
        null,
        null,
        null,
        null,
        null
      ],
      "/Users/pilipolkin/ruby_projects/cbva/app/controllers/teams_controller.rb": [
        1,
        1,
        1,
        null,
        null,
        null,
        null,
        1,
        9,
        9,
        null,
        0,
        null,
        null,
        null,
        null,
        1,
        1,
        null,
        null,
        null,
        1,
        null,
        null,
        null,
        null,
        1,
        5,
        null,
        5,
        5,
        6,
        3,
        null,
        4,
        2,
        null,
        null,
        null,
        null,
        null,
        null,
        1,
        5,
        5,
        4,
        2,
        null,
        6,
        3,
        null,
        null,
        null,
        null,
        null,
        null,
        1,
        2,
        2,
        4,
        2,
        null,
        null,
        null,
        1,
        null,
        1,
        8,
        0,
        null,
        8,
        null,
        null,
        null,
        1,
        15,
        null,
        null,
        null,
        1,
        10,
        null,
        null
      ],
      "/Users/pilipolkin/ruby_projects/cbva/spec/controllers/tier_settings_controller_spec.rb": [
        1,
        null,
        null,
        null,
        null,
        null,
        null,
        null,
        null,
        null,
        null,
        null,
        null,
        null,
        null,
        null,
        null,
        null,
        null,
        null,
        1,
        null,
        null,
        null,
        null,
        null,
        null,
        1,
        14,
        null,
        null,
        null,
        null,
        null,
        15,
        null,
        1,
        1,
        1,
        1,
        null,
        null,
        null,
        1,
        1,
        1,
        1,
        1,
        null,
        null,
        null,
        1,
        1,
        1,
        1,
        1,
        null,
        null,
        null,
        1,
        1,
        1,
        1,
        null,
        null,
        1,
        1,
        1,
        null,
        null,
        null,
        1,
        1,
        null,
        1,
        1,
        1,
        null,
        null,
        1,
        null,
        1,
        1,
        1,
        null,
        null,
        null,
        null,
        1,
        1,
        1,
        1,
        null,
        null,
        null,
        null,
        1,
        1,
        null,
        null,
        1,
        1,
        1,
        1,
        null,
        null,
        1,
        1,
        1,
        1,
        null,
        null,
        null,
        1,
        1,
        1,
        null,
        1,
        1,
        1,
        null,
        null,
        1,
        1,
        null,
        1,
        1,
        1,
        null,
        null,
        null,
        null,
        1,
        1,
        1,
        1,
        1,
        null,
        null,
        null,
        1,
        1,
        1,
        1,
        null,
        null,
        null,
        null
      ],
      "/Users/pilipolkin/ruby_projects/cbva/app/controllers/tier_settings_controller.rb": [
        1,
        1,
        1,
        null,
        null,
        1,
        1,
        null,
        null,
        null,
        1,
        null,
        null,
        null,
        null,
        1,
        5,
        null,
        5,
        0,
        null,
        5,
        null,
        null,
        null,
        null,
        null,
        1,
        5,
        0,
        null,
        5,
        null,
        null,
        null,
        null,
        null,
        1,
        2,
        2,
        null,
        null,
        1,
        null,
        1,
        8,
        null,
        null,
        null,
        1,
        10,
        null,
        10,
        10,
        null,
        null,
        1,
        6,
        null,
        null
      ],
      "/Users/pilipolkin/ruby_projects/cbva/spec/controllers/weeks_controller_spec.rb": [
        1,
        null,
        null,
        null,
        null,
        null,
        null,
        null,
        null,
        null,
        null,
        null,
        null,
        null,
        null,
        null,
        null,
        null,
        null,
        null,
        1,
        null,
        null,
        null,
        null,
        1,
        8,
        null,
        null,
        null,
        null,
        null,
        null,
        null,
        9,
        null,
        1,
        1,
        1,
        1,
        null,
        null,
        1,
        1,
        1,
        null,
        null,
        null,
        1,
        1,
        1,
        1,
        null,
        null,
        null,
        null,
        1,
        1,
        1,
        1,
        null,
        null,
        null,
        1,
        1,
        1,
        null,
        null,
        null,
        1,
        1,
        1,
        1,
        null,
        null,
        null,
        1,
        1,
        null,
        1,
        1,
        null,
        null,
        null,
        1,
        1,
        1,
        null,
        null,
        null,
        null
      ],
      "/Users/pilipolkin/ruby_projects/cbva/app/controllers/weeks_controller.rb": [
        1,
        1,
        null,
        1,
        5,
        5,
        5,
        5,
        null,
        null,
        1,
        2,
        null,
        null,
        1,
        2,
        null,
        null,
        null,
        null,
        2,
        2,
        null,
        0,
        0,
        null,
        null,
        null,
        1,
        4,
        4,
        4,
        4,
        null,
        4,
        4,
        null,
        0,
        null,
        null,
        null,
        1,
        null,
        1,
        8,
        null,
        null,
        null
      ],
      "/Users/pilipolkin/ruby_projects/cbva/spec/helpers/Leagues_helper_spec.rb": [
        1,
        null,
        null,
        null,
        null,
        null,
        null,
        null,
        null,
        null,
        null,
        null,
        1,
        1,
        null
      ],
      "/Users/pilipolkin/ruby_projects/cbva/spec/helpers/application_helper_spec.rb": [
        1,
        null,
        1,
        null,
        1,
        1,
        1,
        null,
        null,
        1,
        1,
        null,
        null,
        1,
        1,
        null,
        null,
        null
      ],
      "/Users/pilipolkin/ruby_projects/cbva/spec/helpers/standings_helper_spec.rb": [
        1,
        null,
        null,
        null,
        null,
        null,
        null,
        null,
        null,
        null,
        null,
        null,
        1,
        1,
        null
      ],
      "/Users/pilipolkin/ruby_projects/cbva/spec/helpers/static_pages_helper_spec.rb": [
        1,
        null,
        null,
        null,
        null,
        null,
        null,
        null,
        null,
        null,
        null,
        null,
        1,
        1,
        null
      ],
      "/Users/pilipolkin/ruby_projects/cbva/spec/helpers/teams_helper_spec.rb": [
        1,
        null,
        null,
        null,
        null,
        null,
        null,
        null,
        null,
        null,
        null,
        null,
        1,
        1,
        null
      ],
      "/Users/pilipolkin/ruby_projects/cbva/spec/helpers/tier_settings_helper_spec.rb": [
        1,
        null,
        null,
        null,
        null,
        null,
        null,
        null,
        null,
        null,
        null,
        null,
        1,
        1,
        null
      ],
      "/Users/pilipolkin/ruby_projects/cbva/spec/helpers/weeks_helper_spec.rb": [
        1,
        null,
        null,
        null,
        null,
        null,
        null,
        null,
        null,
        null,
        null,
        null,
        1,
        1,
        null
      ],
      "/Users/pilipolkin/ruby_projects/cbva/spec/models/league_spec.rb": [
        1,
        null,
        1,
        1,
        15,
        null,
        null,
        2,
        2,
        2,
        2,
        2,
        null,
        2,
        null,
        1,
        1,
        1,
        3,
        3,
        null,
        null,
        null,
        null,
        1,
        1,
        1,
        3,
        3,
        null,
        null,
        null,
        1,
        1,
        null,
        null,
        1,
        1,
        null,
        null,
        1,
        1,
        3,
        null,
        null,
        1,
        1,
        null,
        null,
        1,
        1,
        1,
        null,
        null,
        1,
        1,
        1,
        null,
        null,
        null,
        1,
        1,
        1,
        null,
        null,
        1,
        1,
        null,
        null,
        null,
        1,
        1,
        1,
        null,
        null,
        1,
        1,
        null,
        null,
        null,
        null
      ],
      "/Users/pilipolkin/ruby_projects/cbva/app/models/league.rb": [
        1,
        null,
        1,
        1,
        null,
        1,
        1,
        null,
        1,
        1,
        null,
        1,
        null,
        null,
        null,
        null,
        null,
        null,
        null,
        null,
        null,
        null,
        null
      ],
      "/Users/pilipolkin/ruby_projects/cbva/spec/models/match_spec.rb": [
        1,
        null,
        1,
        1,
        23,
        null,
        null,
        8,
        2,
        2,
        2,
        2,
        2,
        2,
        null,
        1,
        1,
        17,
        17,
        null,
        null,
        2,
        null,
        1,
        1,
        1,
        null,
        null,
        1,
        1,
        1,
        null,
        null,
        1,
        1,
        1,
        1,
        null,
        null,
        1,
        1,
        1,
        4,
        4,
        null,
        null,
        null,
        1,
        1,
        1,
        3,
        3,
        null,
        null,
        null,
        1,
        1,
        1,
        null,
        1,
        1,
        null,
        1,
        1,
        null,
        null,
        1,
        1,
        1,
        null,
        null,
        null,
        1,
        1,
        null,
        null,
        1,
        9,
        null,
        1,
        null,
        1,
        null,
        null,
        null,
        null,
        null,
        null,
        null,
        null,
        1,
        7,
        7,
        null,
        null,
        null,
        1,
        1,
        1,
        1,
        1,
        1,
        1,
        null,
        null,
        1,
        1,
        1,
        1,
        1,
        1,
        1,
        1,
        1,
        1,
        null,
        null,
        1,
        1,
        1,
        1,
        1,
        1,
        1,
        null,
        1,
        1,
        1,
        null,
        null,
        1,
        1,
        1,
        1,
        1,
        null,
        null,
        null,
        1,
        1,
        1,
        1,
        1,
        null,
        null,
        1,
        1,
        1,
        1,
        1,
        1,
        null,
        null,
        1,
        1,
        null,
        null,
        null,
        null,
        null,
        null,
        null,
        null,
        1,
        8,
        8,
        null,
        null,
        null,
        1,
        1,
        null,
        null,
        null,
        null,
        null,
        null,
        1,
        5,
        5,
        null,
        null,
        null,
        null,
        null,
        null,
        null
      ],
      "/Users/pilipolkin/ruby_projects/cbva/app/models/match.rb": [
        1,
        1,
        null,
        1,
        1,
        1,
        1,
        1,
        null,
        1,
        1,
        1,
        1,
        1,
        1,
        null,
        1,
        null,
        1,
        54,
        null,
        null,
        null,
        1,
        54,
        null,
        null,
        1,
        67,
        null,
        null,
        1,
        4,
        4,
        null,
        null,
        null,
        1,
        6,
        5,
        8,
        14,
        null,
        null,
        1,
        5,
        5,
        5,
        null,
        null,
        8,
        8,
        8,
        5,
        null,
        5,
        null,
        4,
        4,
        3,
        null,
        0,
        null,
        1,
        null,
        null,
        null,
        5,
        5,
        5,
        null,
        5,
        null,
        5,
        10,
        null,
        null,
        null,
        null,
        null,
        null,
        5,
        null,
        null,
        1,
        4,
        null,
        1,
        null,
        2,
        null,
        null,
        null,
        1,
        null,
        null,
        null,
        null,
        null,
        null,
        null,
        null,
        null,
        null,
        null,
        null
      ],
      "/Users/pilipolkin/ruby_projects/cbva/app/validators/score_validator.rb": [
        1,
        1,
        null,
        null,
        1,
        54,
        null,
        20,
        null,
        20,
        13,
        13,
        null,
        null,
        20,
        20,
        20,
        null,
        12,
        12,
        12,
        null,
        11,
        11,
        null,
        9,
        9,
        null,
        7,
        null,
        null,
        1,
        1,
        20,
        20,
        null,
        19,
        31,
        31,
        null,
        null,
        null,
        16,
        27,
        null,
        27,
        27,
        25,
        25,
        null,
        null,
        null,
        null,
        1,
        11,
        18,
        null,
        18,
        null,
        18,
        17,
        16,
        null,
        null,
        16,
        null,
        16,
        null,
        null,
        null,
        null,
        1,
        9,
        null,
        9,
        9,
        16,
        7,
        7,
        null,
        6,
        null,
        6,
        null,
        5,
        null,
        null,
        null,
        14,
        14,
        null,
        null,
        null,
        null
      ],
      "/Users/pilipolkin/ruby_projects/cbva/spec/models/standing_spec.rb": [
        1,
        null,
        1,
        25,
        null,
        11,
        2,
        2,
        2,
        2,
        2,
        2,
        2,
        2,
        2,
        2,
        null,
        1,
        1,
        1,
        null,
        null,
        1,
        1,
        1,
        null,
        null,
        1,
        1,
        1,
        null,
        null,
        1,
        1,
        null,
        null,
        1,
        1,
        1,
        3,
        3,
        null,
        null,
        null,
        1,
        1,
        1,
        1,
        1,
        1,
        null,
        null,
        null,
        1,
        1,
        1,
        3,
        3,
        null,
        null,
        null,
        1,
        1,
        null,
        null,
        null,
        1,
        1,
        null,
        null,
        1,
        1,
        1,
        null,
        null,
        1,
        1,
        null,
        null,
        1,
        1,
        1,
        null,
        1,
        null,
        null,
        1,
        1,
        null,
        1,
        1,
        1,
        null,
        1,
        null,
        null,
        1,
        1,
        1,
        1,
        null,
        1,
        null,
        null,
        null
      ],
      "/Users/pilipolkin/ruby_projects/cbva/app/models/standing.rb": [
        1,
        136,
        null,
        1,
        1,
        1,
        28,
        null,
        1,
        1,
        null,
        1,
        null,
        1,
        1,
        1,
        1,
        1,
        1,
        null,
        1,
        152,
        null,
        null,
        1,
        11,
        null,
        null,
        1,
        1,
        null,
        null,
        1,
        135,
        135,
        135,
        135,
        135,
        null,
        null,
        null,
        null,
        null,
        null,
        null,
        null,
        null,
        null,
        null,
        null,
        null,
        null,
        null,
        null,
        null,
        null,
        null
      ],
      "/Users/pilipolkin/ruby_projects/cbva/spec/models/team_spec.rb": [
        1,
        null,
        1,
        19,
        null,
        9,
        null,
        2,
        2,
        2,
        2,
        2,
        2,
        2,
        null,
        2,
        null,
        1,
        1,
        1,
        3,
        3,
        null,
        null,
        null,
        null,
        1,
        1,
        1,
        3,
        3,
        null,
        null,
        null,
        1,
        1,
        1,
        7,
        7,
        null,
        null,
        null,
        1,
        1,
        null,
        1,
        5,
        5,
        null,
        null,
        null,
        1,
        1,
        1,
        null,
        null,
        null,
        1,
        1,
        1,
        1,
        1,
        1,
        null,
        null,
        null,
        1,
        3,
        null,
        1,
        1,
        null,
        null,
        1,
        1,
        1,
        null,
        null,
        null,
        1,
        1,
        1,
        null,
        null,
        1,
        1,
        1,
        null,
        null,
        null
      ],
      "/Users/pilipolkin/ruby_projects/cbva/app/models/team.rb": [
        1,
        189,
        null,
        1,
        1,
        null,
        1,
        1,
        1,
        1,
        1,
        null,
        null,
        null,
        null,
        null,
        null,
        null,
        null,
        null,
        null,
        1,
        1,
        1,
        1,
        1,
        null,
        null
      ],
      "/Users/pilipolkin/ruby_projects/cbva/spec/models/tier_setting_spec.rb": [
        1,
        null,
        1,
        1,
        25,
        null,
        null,
        13,
        null,
        2,
        2,
        2,
        2,
        2,
        2,
        2,
        2,
        2,
        2,
        2,
        null,
        2,
        null,
        1,
        1,
        1,
        4,
        4,
        null,
        null,
        null,
        1,
        1,
        1,
        3,
        3,
        null,
        null,
        null,
        1,
        1,
        1,
        3,
        3,
        null,
        null,
        null,
        1,
        1,
        1,
        4,
        4,
        null,
        null,
        null,
        1,
        1,
        1,
        3,
        3,
        null,
        null,
        null,
        null,
        1,
        1,
        null,
        null,
        null,
        null,
        null,
        null,
        null,
        null,
        null,
        null,
        null,
        null,
        1,
        12,
        12,
        null,
        null,
        null,
        1,
        1,
        1,
        5,
        5,
        null,
        null,
        null,
        1,
        1,
        1,
        3,
        3,
        null,
        null,
        null,
        1,
        1,
        1,
        4,
        4,
        null,
        null,
        null,
        1,
        1,
        1,
        2,
        2,
        null,
        null,
        null,
        null,
        1,
        4,
        null,
        1,
        1,
        null,
        null,
        1,
        1,
        1,
        null,
        null,
        1,
        1,
        1,
        null,
        null,
        null,
        null
      ],
      "/Users/pilipolkin/ruby_projects/cbva/app/models/tier_setting.rb": [
        1,
        null,
        null,
        1,
        1,
        null,
        1,
        1,
        1,
        145,
        1,
        1,
        1,
        1,
        null,
        1,
        1,
        1,
        null
      ],
      "/Users/pilipolkin/ruby_projects/cbva/app/validators/set_points_validator.rb": [
        1,
        1,
        145,
        145,
        4,
        4,
        null,
        null,
        null,
        141,
        418,
        null,
        null,
        null,
        null
      ],
      "/Users/pilipolkin/ruby_projects/cbva/app/validators/match_times_validator.rb": [
        1,
        1,
        145,
        145,
        null,
        null
      ],
      "/Users/pilipolkin/ruby_projects/cbva/app/validators/tier_schedule_pattern_validator.rb": [
        1,
        1,
        1,
        1,
        1,
        null,
        1,
        145,
        17,
        17,
        null,
        null,
        145,
        null,
        145,
        145,
        null,
        null,
        null,
        128,
        128,
        null,
        null,
        null,
        1,
        1,
        null,
        145,
        null,
        143,
        143,
        143,
        143,
        null,
        null,
        142,
        null,
        142,
        398,
        398,
        null,
        398,
        null,
        398,
        null,
        null,
        389,
        null,
        389,
        null,
        384,
        null,
        null,
        384,
        null,
        null,
        null,
        null,
        null,
        null,
        1,
        128,
        128,
        null,
        896,
        null,
        896,
        null,
        128,
        null,
        null,
        128,
        124,
        null,
        124,
        124,
        null,
        124,
        124,
        null,
        null,
        null,
        1,
        128,
        384,
        768,
        1152,
        null,
        384,
        null,
        768,
        768,
        null,
        384,
        null,
        null,
        null,
        null,
        null,
        null
      ],
      "/Users/pilipolkin/ruby_projects/cbva/spec/models/user_spec.rb": [
        1,
        null,
        1,
        22,
        null,
        18,
        null,
        2,
        2,
        2,
        2,
        2,
        2,
        2,
        null,
        2,
        null,
        1,
        2,
        2,
        null,
        null,
        1,
        2,
        2,
        null,
        null,
        1,
        1,
        1,
        null,
        1,
        5,
        5,
        null,
        null,
        null,
        null,
        1,
        1,
        1,
        1,
        4,
        4,
        null,
        null,
        null,
        null,
        1,
        1,
        1,
        1,
        1,
        null,
        null,
        2,
        null,
        null,
        1,
        1,
        1,
        1,
        null,
        2,
        null,
        null,
        1,
        2,
        2,
        null,
        null,
        1,
        4,
        4,
        null,
        1,
        2,
        null,
        null,
        1,
        3,
        null,
        2,
        2,
        null,
        null,
        null,
        1,
        2,
        2,
        null,
        null,
        1,
        2,
        null,
        1,
        1,
        1,
        1,
        null,
        null,
        null,
        1,
        2,
        2,
        null,
        null
      ],
      "/Users/pilipolkin/ruby_projects/cbva/app/models/user.rb": [
        1,
        24,
        1,
        1,
        1,
        1,
        null,
        1,
        1,
        null,
        1,
        23,
        null,
        null,
        1,
        142,
        null,
        null,
        1,
        null,
        1,
        15,
        null,
        null
      ],
      "/Users/pilipolkin/ruby_projects/cbva/spec/models/week_spec.rb": [
        1,
        null,
        1,
        null,
        22,
        null,
        7,
        2,
        2,
        2,
        null,
        1,
        1,
        1,
        null,
        null,
        1,
        1,
        1,
        null,
        null,
        1,
        1,
        1,
        null,
        null,
        1,
        1,
        null,
        null,
        1,
        1,
        1,
        1,
        1,
        1,
        null,
        null,
        null,
        1,
        1,
        null,
        1,
        1,
        null,
        1,
        1,
        1,
        1,
        null,
        null,
        1,
        1,
        null,
        1,
        1,
        1,
        1,
        null,
        null,
        1,
        1,
        6,
        null,
        6,
        12,
        null,
        null,
        null,
        2,
        null,
        null,
        1,
        1,
        null,
        null,
        1,
        1,
        1,
        null,
        null,
        1,
        1,
        1,
        1,
        null,
        null,
        1,
        1,
        1,
        null,
        null,
        1,
        1,
        1,
        null,
        null,
        null,
        null,
        null,
        1,
        1,
        3,
        3,
        null,
        3,
        12,
        null,
        null,
        2,
        null,
        null,
        1,
        1,
        1,
        null,
        null,
        1,
        1,
        1,
        1,
        1,
        1,
        null,
        null,
        null,
        null,
        1,
        1,
        2,
        2,
        2,
        null,
        2,
        12,
        null,
        null,
        2,
        null,
        1,
        1,
        1,
        1,
        null,
        null,
        null,
        null,
        null
      ],
      "/Users/pilipolkin/ruby_projects/cbva/app/models/week.rb": [
        1,
        1,
        1,
        1,
        1,
        null,
        1,
        1,
        null,
        1,
        1,
        1,
        null,
        1,
        17,
        null,
        null,
        1,
        0,
        null,
        null,
        1,
        5,
        3,
        3,
        null,
        null,
        1,
        null,
        null,
        null,
        null,
        null,
        null,
        null,
        null,
        null,
        null,
        null,
        null,
        null,
        null,
        null,
        null,
        null,
        null,
        null,
        null,
        null,
        null,
        null,
        null,
        null,
        null,
        null,
        null,
        null,
        null,
        null,
        null,
        null,
        null,
        null,
        null,
        null,
        null,
        null,
        null,
        null,
        null,
        null,
        null,
        null,
        null,
        null,
        null,
        null,
        null,
        null,
        null,
        null,
        null,
        null,
        null,
        null,
        null,
        null,
        null,
        null,
        null,
        null,
        1,
        0,
        null,
        null
      ],
      "/Users/pilipolkin/ruby_projects/cbva/app/validators/registration_validator.rb": [
        1,
        1,
        204,
        null,
        240,
        204,
        null,
        null,
        204,
        null,
        null
      ],
      "/Users/pilipolkin/ruby_projects/cbva/app/validators/week_settings_validator.rb": [
        1,
        1,
        204,
        null,
        204,
        240,
        204,
        null,
        null,
        204,
        null,
        204,
        204,
        null,
        204,
        204,
        null,
        null,
        1,
        1,
        240,
        null,
        204,
        null,
        203,
        203,
        33,
        33,
        33,
        null,
        null,
        33,
        null,
        null,
        33,
        null,
        null,
        32,
        null,
        null,
        null,
        null,
        null,
        1,
        231,
        null,
        232,
        null,
        201,
        null,
        null,
        null,
        null
      ],
      "/Users/pilipolkin/ruby_projects/cbva/app/validators/standings_validator.rb": [
        1,
        1,
        204,
        277,
        null,
        204,
        null,
        null
      ],
      "/Users/pilipolkin/ruby_projects/cbva/spec/requests/Leagues_spec.rb": [
        1,
        null,
        1,
        null,
        1,
        null,
        1,
        1,
        null,
        1,
        1,
        null,
        null,
        1,
        1,
        1,
        null,
        null,
        1,
        1,
        null,
        1,
        1,
        null,
        null,
        null,
        1,
        1,
        1,
        1,
        null,
        null,
        1,
        1,
        1,
        null,
        1,
        1,
        1,
        1,
        null,
        null,
        null,
        null,
        1,
        1,
        2,
        2,
        null,
        null,
        1,
        1,
        null,
        null
      ],
      "/Users/pilipolkin/ruby_projects/cbva/spec/requests/authentication_pages_spec.rb": [
        1,
        null,
        1,
        null,
        8,
        null,
        1,
        10,
        null,
        1,
        5,
        null,
        2,
        2,
        2,
        null,
        1,
        2,
        1,
        null,
        null,
        null,
        1,
        6,
        1,
        5,
        5,
        5,
        null,
        null,
        2,
        2,
        2,
        2,
        null,
        1,
        2,
        1,
        null,
        null,
        null,
        null
      ],
      "/Users/pilipolkin/ruby_projects/cbva/spec/requests/standings_pages_spec.rb": [
        1,
        null,
        1,
        2,
        null,
        1,
        1,
        null,
        1,
        1,
        null,
        null,
        null
      ],
      "/Users/pilipolkin/ruby_projects/cbva/spec/requests/static_pages_spec.rb": [
        1,
        null,
        1,
        5,
        null,
        1,
        5,
        5,
        null,
        null,
        1,
        4,
        null,
        1,
        1,
        null,
        1,
        1,
        null,
        null,
        1,
        3,
        null,
        2,
        2,
        null,
        1,
        null,
        null,
        1,
        null,
        3,
        null,
        2,
        2,
        null,
        1,
        null,
        null,
        1,
        1,
        0,
        0,
        0,
        0,
        0,
        0,
        0,
        0,
        0,
        null,
        null,
        null
      ],
      "/Users/pilipolkin/ruby_projects/cbva/spec/requests/teams_spec.rb": [
        1,
        null,
        1,
        1,
        10,
        null,
        1,
        1,
        null,
        1,
        1,
        null,
        null,
        null,
        1,
        1,
        5,
        5,
        5,
        null,
        null,
        1,
        1,
        1,
        1,
        1,
        null,
        null,
        1,
        4,
        1,
        2,
        null,
        null,
        1,
        3,
        null,
        1,
        null,
        1,
        1,
        1,
        null,
        null,
        null,
        1,
        null,
        1,
        0,
        0,
        0,
        null,
        null,
        1,
        0,
        null,
        null,
        null,
        null,
        null,
        null,
        null
      ],
      "/Users/pilipolkin/ruby_projects/cbva/spec/requests/tier_settings_spec.rb": [
        1,
        null,
        1,
        null
      ],
      "/Users/pilipolkin/ruby_projects/cbva/spec/requests/user_pages_spec.rb": [
        1,
        null,
        1,
        null,
        3,
        null,
        1,
        3,
        null,
        1,
        1,
        null,
        null,
        1,
        3,
        3,
        null,
        2,
        2,
        null,
        null,
        1,
        null,
        8,
        null,
        1,
        null,
        1,
        1,
        0,
        null,
        null,
        1,
        1,
        null,
        1,
        1,
        null,
        null,
        null,
        1,
        1,
        0,
        0,
        0,
        0,
        null,
        null,
        1,
        0,
        null,
        null,
        1,
        1,
        1,
        null,
        1,
        1,
        1,
        null,
        null,
        null,
        null
      ],
      "/Users/pilipolkin/ruby_projects/cbva/spec/requests/weeks_spec.rb": [
        1,
        null,
        1,
        3,
        null,
        1,
        1,
        null,
        1,
        1,
        null,
        null,
        null,
        1,
        1,
        1,
        1,
        1,
        0,
        0,
        null,
        null,
        null
      ],
      "/Users/pilipolkin/ruby_projects/cbva/spec/routing/Leagues_routing_spec.rb": [
        1,
        null,
        1,
        1,
        null,
        1,
        1,
        null,
        null,
        1,
        1,
        null,
        null,
        1,
        1,
        null,
        null,
        1,
        1,
        null,
        null,
        1,
        1,
        null,
        null,
        1,
        1,
        null,
        null,
        1,
        1,
        null,
        null,
        null,
        null
      ],
      "/Users/pilipolkin/ruby_projects/cbva/spec/routing/standings_routing_spec.rb": [
        1,
        null,
        1,
        1,
        1,
        1,
        null,
        null,
        1,
        1,
        null,
        null,
        1,
        1,
        null,
        null,
        1,
        1,
        null,
        null,
        1,
        1,
        null,
        null,
        1,
        1,
        null,
        null,
        null,
        null
      ],
      "/Users/pilipolkin/ruby_projects/cbva/spec/routing/teams_routing_spec.rb": [
        1,
        null,
        1,
        null,
        1,
        null,
        1,
        1,
        null,
        null,
        1,
        1,
        null,
        null,
        1,
        1,
        null,
        null,
        1,
        1,
        null,
        null,
        1,
        1,
        null,
        null,
        1,
        1,
        null,
        null,
        null,
        null
      ],
      "/Users/pilipolkin/ruby_projects/cbva/spec/routing/tier_settings_routing_spec.rb": [
        1,
        null,
        1,
        1,
        1,
        1,
        null,
        null,
        1,
        1,
        null,
        null,
        1,
        1,
        null,
        null,
        1,
        1,
        null,
        null,
        1,
        1,
        null,
        null,
        null,
        null
      ],
      "/Users/pilipolkin/ruby_projects/cbva/spec/routing/weeks_routing_spec.rb": [
        1,
        null,
        1,
        1,
        null,
        1,
        1,
        null,
        null,
        1,
        1,
        null,
        null,
        1,
        1,
        null,
        null,
        1,
        1,
        null,
        null,
        null
      ],
      "/Users/pilipolkin/ruby_projects/cbva/spec/views/Leagues/edit.html.erb_spec.rb": [
        1,
        null,
        1,
        1,
        1,
        null,
        null,
        null,
        null,
        1,
        1,
        null,
        null,
        1,
        1,
        1,
        null,
        null,
        null
      ],
      "/Users/pilipolkin/ruby_projects/cbva/spec/views/Leagues/index.html.erb_spec.rb": [
        1,
        null,
        1,
        null,
        1,
        1,
        1,
        0,
        0,
        null,
        null,
        null,
        null,
        1,
        1,
        3,
        null,
        null,
        null,
        null,
        null,
        null,
        null,
        1,
        1,
        null,
        0,
        null,
        null,
        1,
        1,
        0,
        null,
        null,
        1,
        1,
        0,
        0,
        null,
        null,
        null,
        null,
        null
      ],
      "/Users/pilipolkin/ruby_projects/cbva/spec/views/Leagues/new.html.erb_spec.rb": [
        1,
        null,
        1,
        1,
        1,
        null,
        null,
        null,
        1,
        1,
        null,
        null,
        1,
        1,
        1,
        null,
        null,
        null
      ],
      "/Users/pilipolkin/ruby_projects/cbva/spec/views/standings/edit.html.erb_spec.rb": [
        1,
        null,
        1,
        2,
        2,
        null,
        1,
        1,
        null,
        null,
        null,
        null,
        null,
        null,
        null,
        1,
        1,
        null,
        null,
        1,
        1,
        1,
        null,
        null,
        null,
        null
      ],
      "/Users/pilipolkin/ruby_projects/cbva/spec/views/standings/new.html.erb_spec.rb": [
        1,
        null,
        1,
        2,
        2,
        null,
        1,
        1,
        null,
        null,
        null,
        null,
        null,
        null,
        1,
        null,
        null,
        1,
        1,
        null,
        null,
        1,
        1,
        1,
        null,
        null,
        null,
        null,
        null,
        null
      ],
      "/Users/pilipolkin/ruby_projects/cbva/spec/views/standings/show.html.erb_spec.rb": [
        1,
        null,
        1,
        null,
        1,
        2,
        2,
        2,
        null,
        2,
        null,
        null,
        null,
        null,
        null,
        null,
        null,
        null,
        1,
        1,
        null,
        1,
        1,
        null,
        1,
        1,
        1,
        null,
        null,
        1,
        1,
        1,
        1,
        1,
        1,
        null,
        1,
        1,
        1,
        1,
        1,
        1,
        1,
        1,
        null,
        null
      ],
      "/Users/pilipolkin/ruby_projects/cbva/spec/views/static_pages/contact.html.erb_spec.rb": [
        1,
        null,
        1,
        1,
        null
      ],
      "/Users/pilipolkin/ruby_projects/cbva/spec/views/static_pages/home.html.erb_spec.rb": [
        1,
        null,
        1,
        1,
        null
      ],
      "/Users/pilipolkin/ruby_projects/cbva/spec/views/teams/edit.html.erb_spec.rb": [
        1,
        null,
        1,
        2,
        1,
        1,
        null,
        null,
        null,
        null,
        null,
        null,
        null,
        1,
        1,
        null,
        null,
        1,
        1,
        1,
        1,
        null,
        null,
        null
      ],
      "/Users/pilipolkin/ruby_projects/cbva/spec/views/teams/index.html.erb_spec.rb": [
        1,
        null,
        1,
        2,
        null,
        1,
        1,
        null,
        null,
        null,
        null,
        null,
        null,
        null,
        null,
        null,
        null,
        null,
        null,
        null,
        null,
        1,
        null,
        null,
        1,
        1,
        null,
        0,
        0,
        0,
        null,
        null
      ],
      "/Users/pilipolkin/ruby_projects/cbva/spec/views/teams/new.html.erb_spec.rb": [
        1,
        null,
        1,
        2,
        null,
        1,
        1,
        null,
        null,
        null,
        null,
        null,
        1,
        null,
        null,
        1,
        1,
        null,
        null,
        1,
        1,
        1,
        1,
        null,
        null,
        null
      ],
      "/Users/pilipolkin/ruby_projects/cbva/spec/views/tier_settings/edit.html.erb_spec.rb": [
        1,
        null,
        1,
        2,
        1,
        1,
        null,
        null,
        null,
        null,
        null,
        null,
        null,
        null,
        null,
        1,
        1,
        null,
        null,
        1,
        1,
        1,
        1,
        null,
        null,
        1,
        null,
        null,
        null
      ],
      "/Users/pilipolkin/ruby_projects/cbva/spec/views/tier_settings/new.html.erb_spec.rb": [
        1,
        null,
        1,
        2,
        1,
        1,
        null,
        null,
        null,
        null,
        null,
        null,
        null,
        null,
        1,
        null,
        null,
        1,
        1,
        null,
        null,
        1,
        1,
        1,
        1,
        null,
        null,
        1,
        null,
        null,
        null
      ],
      "/Users/pilipolkin/ruby_projects/cbva/spec/views/weeks/show.html.erb_spec.rb": [
        1,
        null,
        1,
        null,
        1,
        1,
        1,
        null,
        null,
        null,
        null,
        1,
        null,
        1,
        1,
        1,
        null,
        null,
        null,
        1,
        1,
        1,
        null,
        null,
        null,
        null,
        1,
        null,
        1,
        1,
        null,
        null
      ],
      "/Users/pilipolkin/ruby_projects/cbva/app/controllers/sessions_controller.rb": [
        1,
        1,
        null,
        null,
        1,
        11,
        11,
        7,
        7,
        null,
        4,
        4,
        null,
        null,
        null,
        1,
        1,
        1,
        null,
        null
      ],
      "/Users/pilipolkin/ruby_projects/cbva/app/controllers/users_controller.rb": [
        1,
        1,
        0,
        null,
        null,
        1,
        9,
        null,
        null,
        1,
        0,
        0,
        0,
        0,
        0,
        null,
        0,
        null,
        null,
        null,
        1,
        0,
        null,
        null,
        1,
        0,
        0,
        0,
        null,
        null,
        1,
        0,
        0,
        0,
        0,
        0,
        null,
        null,
        null,
        1,
        null,
        1,
        0,
        null,
        null,
        null
      ]
    },
    "timestamp": 1407535449
  }
}
