{
  "RSpec": {
    "coverage": {
      "/Users/pilipolkin/ruby_projects/cbva/config/environment.rb": [
        null,
        1,
        null,
        null,
        1
      ],
      "/Users/pilipolkin/ruby_projects/cbva/config/application.rb": [
        1,
        null,
        1,
        null,
        null,
        null,
        1,
        null,
        1,
        1,
        null,
        null,
        null,
        null,
        null,
        null,
        null,
        null,
        null,
        null,
        null,
        null,
        1,
        null,
        null
      ],
      "/Users/pilipolkin/ruby_projects/cbva/config/boot.rb": [
        null,
        1,
        null,
        1
      ],
      "/Users/pilipolkin/ruby_projects/cbva/config/environments/test.rb": [
        1,
        null,
        null,
        null,
        null,
        null,
        null,
        1,
        null,
        null,
        null,
        null,
        1,
        null,
        null,
        1,
        1,
        null,
        null,
        1,
        1,
        null,
        null,
        1,
        null,
        null,
        1,
        null,
        null,
        null,
        null,
        1,
        null,
        null,
        1,
        null,
        null,
        null,
        null,
        null,
        null,
        1,
        null
      ],
      "/Users/pilipolkin/ruby_projects/cbva/config/initializers/backtrace_silencers.rb": [
        null,
        null,
        null,
        null,
        null,
        null,
        null
      ],
      "/Users/pilipolkin/ruby_projects/cbva/config/initializers/cookies_serializer.rb": [
        null,
        null,
        1
      ],
      "/Users/pilipolkin/ruby_projects/cbva/config/initializers/filter_parameter_logging.rb": [
        null,
        null,
        null,
        1
      ],
      "/Users/pilipolkin/ruby_projects/cbva/config/initializers/inflections.rb": [
        null,
        null,
        null,
        null,
        null,
        null,
        null,
        null,
        null,
        null,
        null,
        null,
        null,
        null,
        null,
        null
      ],
      "/Users/pilipolkin/ruby_projects/cbva/config/initializers/mime_types.rb": [
        null,
        null,
        null,
        null
      ],
      "/Users/pilipolkin/ruby_projects/cbva/config/initializers/session_store.rb": [
        null,
        null,
        1
      ],
      "/Users/pilipolkin/ruby_projects/cbva/config/initializers/wrap_parameters.rb": [
        null,
        null,
        null,
        null,
        null,
        null,
        1,
        1,
        null,
        null,
        null,
        null,
        null,
        null
      ],
      "/Users/pilipolkin/ruby_projects/cbva/spec/factories.rb": [
        1,
        null,
        null,
        1,
        1,
        1,
        1,
        1,
        null,
        null,
        1,
        264,
        262,
        null,
        null,
        1,
        176,
        1,
        1,
        null,
        null,
        1,
        1,
        1,
        1,
        1,
        1,
        1,
        1,
        1,
        1,
        null,
        null,
        1,
        1,
        null,
        null,
        1,
        1,
        1,
        1,
        101,
        null,
        null,
        1,
        1,
        1,
        1,
        27,
        29,
        null,
        null,
        null
      ],
      "/Users/pilipolkin/ruby_projects/cbva/config/routes.rb": [
        1,
        null,
        null,
        null,
        1,
        1,
        1,
        1,
        1,
        1,
        null,
        1,
        null,
        1,
        1,
        1,
        1,
        null,
        null,
        1,
        1,
        1,
        null,
        null,
        1,
        null,
        null,
        1,
        null,
        null,
        null,
        null,
        null,
        null,
        null,
        null,
        null,
        null,
        null,
        null,
        null,
        null,
        null,
        null,
        null,
        null,
        null,
        null,
        null,
        null,
        null,
        null,
        null,
        null,
        null,
        null,
        null,
        null,
        null,
        null,
        null,
        null,
        null,
        null,
        null,
        null,
        null,
        null,
        null,
        null,
        null,
        null,
        null,
        null,
        null,
        null,
        null,
        null,
        null,
        null,
        null,
        null,
        null,
        null,
        null,
        null,
        null,
        null,
        null,
        null,
        null
      ],
      "/Users/pilipolkin/ruby_projects/cbva/app/helpers/application_helper.rb": [
        1,
        null,
        null,
        1,
        56,
        56,
        56,
        null,
        null
      ],
      "/Users/pilipolkin/ruby_projects/cbva/app/helpers/leagues_helper.rb": [
        1,
        null
      ],
      "/Users/pilipolkin/ruby_projects/cbva/app/helpers/matches_helper.rb": [
        1,
        null
      ],
      "/Users/pilipolkin/ruby_projects/cbva/app/helpers/sessions_helper.rb": [
        1,
        null,
        1,
        10,
        10,
        10,
        10,
        null,
        null,
        1,
        78,
        null,
        null,
        1,
        61,
        null,
        null,
        1,
        28,
        null,
        null,
        1,
        11,
        null,
        null,
        1,
        161,
        161,
        null,
        null,
        1,
        1,
        null,
        1,
        1,
        null,
        null,
        null
      ],
      "/Users/pilipolkin/ruby_projects/cbva/app/helpers/standings_helper.rb": [
        1,
        null
      ],
      "/Users/pilipolkin/ruby_projects/cbva/app/helpers/static_pages_helper.rb": [
        1,
        null
      ],
      "/Users/pilipolkin/ruby_projects/cbva/app/helpers/teams_helper.rb": [
        1,
        null
      ],
      "/Users/pilipolkin/ruby_projects/cbva/app/helpers/tier_settings_helper.rb": [
        1,
        null
      ],
      "/Users/pilipolkin/ruby_projects/cbva/app/helpers/users_helper.rb": [
        1,
        null
      ],
      "/Users/pilipolkin/ruby_projects/cbva/app/helpers/weeks_helper.rb": [
        1,
        null
      ],
      "/Users/pilipolkin/ruby_projects/cbva/spec/support/utilities.rb": [
        1
      ],
      "/Users/pilipolkin/ruby_projects/cbva/app/controllers/leagues_controller.rb": [
        1,
        1,
        null,
        null,
        null,
        1,
        10,
        null,
        null,
        null,
        null,
        1,
        4,
        null,
        null,
        null,
        1,
        1,
        null,
        null,
        null,
        1,
        null,
        null,
        null,
        null,
        1,
        5,
        5,
        3,
        null,
        2,
        null,
        null,
        null,
        null,
        null,
        1,
        5,
        2,
        null,
        3,
        null,
        null,
        null,
        null,
        null,
        1,
        2,
        2,
        null,
        null,
        1,
        null,
        1,
        12,
        null,
        null,
        null,
        1,
        10,
        null,
        null
      ],
      "/Users/pilipolkin/ruby_projects/cbva/app/controllers/application_controller.rb": [
        1,
        null,
        null,
        1,
        1,
        null
      ],
      "/Users/pilipolkin/ruby_projects/cbva/spec/controllers/standings_controller_spec.rb": [
        1,
        null,
        null,
        null,
        null,
        null,
        null,
        null,
        null,
        null,
        null,
        null,
        null,
        null,
        null,
        null,
        null,
        null,
        null,
        null,
        1,
        null,
        null,
        null,
        null,
        1,
        15,
        null,
        null,
        null,
        null,
        null,
        null,
        16,
        null,
        1,
        1,
        1,
        1,
        1,
        null,
        null,
        null,
        1,
        1,
        1,
        1,
        null,
        null,
        null,
        1,
        1,
        1,
        1,
        1,
        null,
        null,
        null,
        1,
        1,
        1,
        1,
        1,
        null,
        null,
        null,
        1,
        1,
        1,
        1,
        null,
        null,
        1,
        1,
        1,
        null,
        null,
        null,
        1,
        1,
        null,
        1,
        1,
        1,
        null,
        null,
        1,
        null,
        1,
        1,
        1,
        null,
        null,
        null,
        null,
        1,
        1,
        1,
        1,
        null,
        null,
        null,
        null,
        1,
        1,
        null,
        null,
        1,
        1,
        1,
        1,
        null,
        null,
        1,
        1,
        1,
        1,
        null,
        null,
        null,
        1,
        1,
        1,
        null,
        1,
        1,
        1,
        null,
        null,
        1,
        1,
        null,
        1,
        1,
        1,
        null,
        null,
        null,
        null,
        1,
        1,
        1,
        1,
        1,
        null,
        null,
        null,
        1,
        1,
        1,
        1,
        null,
        null,
        null,
        null
      ],
      "/Users/pilipolkin/ruby_projects/cbva/app/controllers/standings_controller.rb": [
        1,
        1,
        1,
        null,
        null,
        1,
        6,
        null,
        null,
        null,
        1,
        1,
        1,
        null,
        null,
        null,
        1,
        null,
        null,
        null,
        1,
        5,
        5,
        3,
        null,
        2,
        null,
        null,
        null,
        null,
        null,
        1,
        5,
        2,
        null,
        3,
        null,
        null,
        null,
        null,
        1,
        2,
        2,
        null,
        null,
        1,
        null,
        1,
        14,
        null,
        null,
        null,
        1,
        10,
        null,
        null,
        1,
        6,
        null,
        null
      ],
      "/Users/pilipolkin/ruby_projects/cbva/spec/controllers/static_pages_controller_spec.rb": [
        1,
        null,
        1,
        null,
        1,
        1,
        1,
        1,
        null,
        null,
        null,
        1,
        1,
        1,
        1,
        null,
        null,
        null,
        null
      ],
      "/Users/pilipolkin/ruby_projects/cbva/app/controllers/static_pages_controller.rb": [
        1,
        1,
        null,
        null,
        1,
        null,
        null
      ],
      "/Users/pilipolkin/ruby_projects/cbva/spec/controllers/teams_controller_spec.rb": [
        1,
        null,
        null,
        null,
        null,
        null,
        null,
        null,
        null,
        null,
        null,
        null,
        null,
        null,
        null,
        null,
        null,
        null,
        null,
        null,
        1,
        null,
        1,
        15,
        null,
        null,
        null,
        null,
        null,
        16,
        null,
        1,
        10,
        null,
        1,
        1,
        1,
        1,
        null,
        null,
        null,
        1,
        1,
        1,
        1,
        null,
        null,
        null,
        null,
        1,
        null,
        1,
        1,
        1,
        null,
        null,
        1,
        1,
        1,
        1,
        null,
        null,
        null,
        1,
        1,
        1,
        null,
        null,
        null,
        null,
        1,
        1,
        1,
        null,
        null,
        null,
        null,
        1,
        1,
        null,
        null,
        1,
        1,
        1,
        null,
        null,
        1,
        1,
        1,
        null,
        null,
        null,
        1,
        1,
        null,
        1,
        1,
        1,
        null,
        null,
        null,
        null,
        null,
        1,
        1,
        1,
        1,
        null,
        null,
        null,
        1,
        1,
        5,
        null,
        1,
        1,
        1,
        1,
        null,
        null,
        null,
        1,
        1,
        1,
        1,
        null,
        null,
        1,
        1,
        1,
        null,
        null,
        null,
        null,
        1,
        1,
        null,
        1,
        1,
        1,
        null,
        null,
        1,
        null,
        1,
        1,
        1,
        null,
        null,
        null,
        null,
        null
      ],
      "/Users/pilipolkin/ruby_projects/cbva/app/controllers/teams_controller.rb": [
        1,
        1,
        1,
        null,
        null,
        null,
        null,
        1,
        5,
        null,
        null,
        null,
        1,
        1,
        null,
        null,
        null,
        1,
        null,
        null,
        1,
        6,
        6,
        6,
        4,
        null,
        2,
        null,
        null,
        null,
        null,
        null,
        1,
        5,
        null,
        5,
        3,
        null,
        2,
        null,
        null,
        null,
        null,
        null,
        1,
        5,
        2,
        null,
        3,
        null,
        null,
        null,
        null,
        null,
        1,
        2,
        2,
        null,
        null,
        1,
        null,
        1,
        14,
        null,
        null,
        1,
        11,
        null,
        null,
        null,
        1,
        10,
        null,
        null
      ],
      "/Users/pilipolkin/ruby_projects/cbva/spec/controllers/tier_settings_controller_spec.rb": [
        1,
        null,
        null,
        null,
        null,
        null,
        null,
        null,
        null,
        null,
        null,
        null,
        null,
        null,
        null,
        null,
        null,
        null,
        null,
        null,
        1,
        null,
        null,
        null,
        null,
        null,
        null,
        1,
        14,
        14,
        null,
        null,
        null,
        null,
        null,
        15,
        null,
        1,
        1,
        1,
        1,
        null,
        null,
        null,
        1,
        1,
        1,
        1,
        1,
        null,
        null,
        null,
        1,
        1,
        1,
        1,
        1,
        null,
        null,
        null,
        1,
        1,
        1,
        1,
        null,
        null,
        1,
        1,
        1,
        null,
        null,
        null,
        1,
        1,
        null,
        1,
        1,
        1,
        null,
        null,
        1,
        null,
        1,
        1,
        1,
        null,
        null,
        null,
        null,
        1,
        1,
        1,
        1,
        null,
        null,
        null,
        null,
        1,
        1,
        null,
        null,
        1,
        1,
        1,
        1,
        1,
        1,
        null,
        null,
        1,
        1,
        1,
        1,
        null,
        null,
        null,
        1,
        1,
        1,
        null,
        1,
        1,
        1,
        null,
        null,
        1,
        1,
        null,
        1,
        1,
        1,
        null,
        null,
        null,
        null,
        1,
        1,
        1,
        1,
        1,
        null,
        null,
        null,
        1,
        1,
        1,
        1,
        null,
        null,
        null,
        null
      ],
      "/Users/pilipolkin/ruby_projects/cbva/app/controllers/tier_settings_controller.rb": [
        1,
        1,
        1,
        null,
        null,
        1,
        1,
        null,
        null,
        null,
        1,
        null,
        null,
        null,
        null,
        1,
        5,
        null,
        5,
        3,
        null,
        2,
        null,
        null,
        null,
        null,
        null,
        1,
        5,
        2,
        null,
        3,
        null,
        null,
        null,
        null,
        null,
        1,
        2,
        2,
        null,
        null,
        1,
        null,
        1,
        8,
        null,
        null,
        null,
        1,
        10,
        null,
        10,
        10,
        null,
        10,
        null,
        10,
        10,
        null,
        10,
        null,
        null,
        null,
        null,
        1,
        null,
        5,
        5,
        15,
        15,
        null,
        null,
        null,
        null,
        null,
        5,
        null,
        null,
        1,
        null,
        5,
        null,
        null,
        null,
        1,
        6,
        null,
        null
      ],
      "/Users/pilipolkin/ruby_projects/cbva/spec/controllers/users_controller_spec.rb": [
        1,
        null,
        null,
        1,
        null,
        1,
        8,
        null,
        null,
        null,
        null,
        null,
        4,
        null,
        1,
        1,
        1,
        1,
        1,
        null,
        null,
        null,
        1,
        1,
        1,
        1,
        1,
        null,
        null,
        null,
        null,
        1,
        1,
        1,
        1,
        null,
        null,
        null,
        null,
        1,
        null,
        1,
        1,
        1,
        1,
        null,
        null,
        null,
        1,
        1,
        1,
        1,
        null,
        null,
        1,
        1,
        1,
        null,
        null,
        null,
        1,
        1,
        null,
        1,
        1,
        1,
        null,
        null,
        1,
        null,
        1,
        1,
        1,
        null,
        null,
        null,
        null,
        null
      ],
      "/Users/pilipolkin/ruby_projects/cbva/app/controllers/users_controller.rb": [
        1,
        1,
        1,
        null,
        null,
        1,
        8,
        null,
        null,
        1,
        5,
        5,
        3,
        3,
        3,
        null,
        2,
        null,
        null,
        null,
        1,
        1,
        null,
        null,
        null,
        null,
        null,
        null,
        null,
        null,
        null,
        null,
        null,
        1,
        null,
        1,
        5,
        null,
        null,
        null
      ],
      "/Users/pilipolkin/ruby_projects/cbva/spec/controllers/weeks_controller_spec.rb": [
        1,
        null,
        null,
        null,
        null,
        null,
        null,
        null,
        null,
        null,
        null,
        null,
        null,
        null,
        null,
        null,
        null,
        null,
        null,
        null,
        1,
        null,
        null,
        null,
        null,
        1,
        5,
        null,
        null,
        null,
        null,
        null,
        null,
        null,
        6,
        null,
        1,
        1,
        1,
        1,
        null,
        null,
        1,
        1,
        1,
        null,
        null,
        null,
        1,
        1,
        1,
        1,
        null,
        null,
        null,
        1,
        null,
        null,
        1,
        1,
        1,
        1,
        null,
        null,
        null,
        1,
        1,
        1,
        1,
        null,
        null,
        null,
        null,
        null,
        null,
        null,
        null,
        null,
        null,
        null,
        null,
        null,
        null,
        null,
        null,
        null,
        null,
        null,
        null,
        null,
        null,
        null,
        null,
        null,
        null,
        null,
        null
      ],
      "/Users/pilipolkin/ruby_projects/cbva/app/controllers/weeks_controller.rb": [
        1,
        1,
        null,
        1,
        3,
        3,
        3,
        3,
        null,
        null,
        1,
        2,
        null,
        null,
        1,
        2,
        null,
        null,
        null,
        null,
        2,
        2,
        null,
        0,
        0,
        null,
        null,
        null,
        null,
        null,
        null,
        null,
        null,
        null,
        null,
        null,
        null,
        null,
        null,
        null,
        null,
        null,
        null,
        1,
        null,
        1,
        4,
        null,
        null,
        null
      ],
      "/Users/pilipolkin/ruby_projects/cbva/spec/helpers/Leagues_helper_spec.rb": [
        1,
        null,
        null,
        null,
        null,
        null,
        null,
        null,
        null,
        null,
        null,
        null,
        1,
        1,
        null
      ],
      "/Users/pilipolkin/ruby_projects/cbva/spec/helpers/application_helper_spec.rb": [
        1,
        null,
        1,
        null,
        1,
        1,
        1,
        null,
        null,
        1,
        1,
        null,
        null,
        1,
        1,
        null,
        null,
        null
      ],
      "/Users/pilipolkin/ruby_projects/cbva/spec/helpers/standings_helper_spec.rb": [
        1,
        null,
        null,
        null,
        null,
        null,
        null,
        null,
        null,
        null,
        null,
        null,
        1,
        1,
        null
      ],
      "/Users/pilipolkin/ruby_projects/cbva/spec/helpers/static_pages_helper_spec.rb": [
        1,
        null,
        null,
        null,
        null,
        null,
        null,
        null,
        null,
        null,
        null,
        null,
        1,
        1,
        null
      ],
      "/Users/pilipolkin/ruby_projects/cbva/spec/helpers/teams_helper_spec.rb": [
        1,
        null,
        null,
        null,
        null,
        null,
        null,
        null,
        null,
        null,
        null,
        null,
        1,
        1,
        null
      ],
      "/Users/pilipolkin/ruby_projects/cbva/spec/helpers/tier_settings_helper_spec.rb": [
        1,
        null,
        null,
        null,
        null,
        null,
        null,
        null,
        null,
        null,
        null,
        null,
        1,
        1,
        null
      ],
      "/Users/pilipolkin/ruby_projects/cbva/spec/helpers/weeks_helper_spec.rb": [
        1,
        null,
        null,
        null,
        null,
        null,
        null,
        null,
        null,
        null,
        null,
        null,
        1,
        1,
        null
      ],
      "/Users/pilipolkin/ruby_projects/cbva/spec/models/league_spec.rb": [
        1,
        null,
        1,
        1,
        17,
        null,
        null,
        2,
        2,
        2,
        2,
        2,
        null,
        2,
        null,
        1,
        1,
        1,
        3,
        3,
        null,
        null,
        null,
        null,
        1,
        1,
        1,
        3,
        3,
        null,
        null,
        null,
        1,
        1,
        null,
        null,
        1,
        1,
        null,
        null,
        1,
        1,
        3,
        null,
        null,
        1,
        1,
        null,
        null,
        1,
        1,
        1,
        null,
        null,
        1,
        1,
        1,
        null,
        null,
        null,
        1,
        1,
        1,
        null,
        null,
        1,
        1,
        null,
        null,
        null,
        1,
        1,
        null,
        null,
        1,
        1,
        2,
        null,
        null,
        1,
        1,
        null,
        null,
        1,
        1,
        null,
        null,
        null,
        null
      ],
      "/Users/pilipolkin/ruby_projects/cbva/app/models/league.rb": [
        1,
        null,
        1,
        1,
        null,
        1,
        1,
        null,
        1,
        1,
        null,
        1,
        null,
        null,
        null,
        null,
        1,
        8,
        null,
        null,
        null
      ],
      "/Users/pilipolkin/ruby_projects/cbva/spec/models/match_spec.rb": [
        1,
        null,
        1,
        1,
        24,
        null,
        null,
        8,
        2,
        2,
        2,
        2,
        2,
        2,
        null,
        1,
        1,
        18,
        18,
        null,
        null,
        2,
        null,
        1,
        1,
        1,
        null,
        null,
        1,
        1,
        1,
        null,
        null,
        1,
        1,
        1,
        1,
        null,
        null,
        1,
        1,
        1,
        4,
        4,
        null,
        null,
        null,
        1,
        1,
        1,
        3,
        3,
        null,
        null,
        null,
        1,
        1,
        1,
        null,
        1,
        1,
        null,
        1,
        1,
        null,
        null,
        1,
        1,
        1,
        null,
        null,
        null,
        1,
        1,
        null,
        null,
        1,
        10,
        null,
        1,
        null,
        1,
        null,
        null,
        null,
        null,
        null,
        null,
        null,
        null,
        1,
        7,
        7,
        null,
        null,
        null,
        1,
        1,
        1,
        1,
        1,
        1,
        1,
        null,
        null,
        1,
        1,
        1,
        1,
        1,
        1,
        1,
        1,
        1,
        1,
        null,
        null,
        1,
        1,
        1,
        1,
        1,
        1,
        1,
        null,
        1,
        1,
        1,
        null,
        null,
        1,
        1,
        1,
        1,
        1,
        null,
        null,
        1,
        1,
        1,
        1,
        1,
        null,
        null,
        null,
        1,
        1,
        1,
        1,
        1,
        null,
        null,
        1,
        1,
        1,
        1,
        1,
        1,
        null,
        null,
        1,
        1,
        null,
        null,
        null,
        null,
        null,
        null,
        null,
        null,
        1,
        8,
        8,
        null,
        null,
        null,
        1,
        1,
        null,
        null,
        null,
        null,
        null,
        null,
        1,
        5,
        5,
        null,
        null,
        null,
        null,
        null,
        null,
        null
      ],
      "/Users/pilipolkin/ruby_projects/cbva/app/models/match.rb": [
        1,
        1,
        null,
        1,
        1,
        1,
        1,
        1,
        null,
        1,
        1,
        1,
        1,
        1,
        1,
        null,
        1,
        null,
        1,
        55,
        null,
        null,
        null,
        1,
        55,
        null,
        null,
        1,
        68,
        null,
        null,
        1,
        4,
        4,
        null,
        null,
        null,
        1,
        6,
        5,
        8,
        14,
        null,
        null,
        1,
        6,
        6,
        6,
        null,
        null,
        10,
        10,
        10,
        6,
        null,
        6,
        null,
        5,
        5,
        3,
        null,
        1,
        null,
        1,
        null,
        null,
        null,
        6,
        6,
        6,
        null,
        6,
        null,
        6,
        12,
        null,
        null,
        null,
        null,
        null,
        null,
        6,
        null,
        null,
        1,
        4,
        null,
        1,
        null,
        2,
        null,
        1,
        null,
        null,
        null,
        1,
        null,
        null,
        null,
        null,
        null,
        null,
        null,
        null,
        null,
        null,
        null,
        null
      ],
      "/Users/pilipolkin/ruby_projects/cbva/app/validators/score_validator.rb": [
        1,
        1,
        null,
        null,
        1,
        55,
        null,
        20,
        null,
        20,
        13,
        13,
        null,
        null,
        20,
        20,
        20,
        null,
        12,
        12,
        12,
        null,
        11,
        11,
        null,
        9,
        9,
        null,
        7,
        null,
        null,
        1,
        1,
        20,
        20,
        null,
        19,
        31,
        31,
        null,
        null,
        null,
        16,
        27,
        null,
        27,
        27,
        25,
        25,
        null,
        null,
        null,
        null,
        1,
        11,
        18,
        null,
        18,
        null,
        18,
        17,
        16,
        null,
        null,
        16,
        null,
        16,
        null,
        null,
        null,
        null,
        1,
        9,
        null,
        9,
        9,
        16,
        7,
        7,
        null,
        6,
        null,
        6,
        null,
        5,
        null,
        null,
        null,
        14,
        14,
        null,
        null,
        null,
        null
      ],
      "/Users/pilipolkin/ruby_projects/cbva/spec/models/standing_spec.rb": [
        1,
        null,
        1,
        25,
        null,
        11,
        2,
        2,
        2,
        2,
        2,
        2,
        2,
        2,
        2,
        2,
        null,
        1,
        1,
        1,
        null,
        null,
        1,
        1,
        1,
        null,
        null,
        1,
        1,
        1,
        null,
        null,
        1,
        1,
        null,
        null,
        1,
        1,
        1,
        3,
        3,
        null,
        null,
        null,
        1,
        1,
        1,
        1,
        1,
        1,
        null,
        null,
        null,
        1,
        1,
        1,
        3,
        3,
        null,
        null,
        null,
        1,
        1,
        null,
        null,
        null,
        1,
        1,
        null,
        null,
        1,
        1,
        1,
        null,
        null,
        1,
        1,
        null,
        null,
        1,
        1,
        1,
        null,
        1,
        null,
        null,
        1,
        1,
        null,
        1,
        1,
        1,
        null,
        1,
        null,
        null,
        1,
        1,
        1,
        1,
        null,
        1,
        null,
        null,
        null
      ],
      "/Users/pilipolkin/ruby_projects/cbva/app/models/standing.rb": [
        1,
        142,
        915,
        null,
        1,
        1,
        1,
        29,
        null,
        1,
        1,
        null,
        1,
        null,
        1,
        1,
        1,
        1,
        1,
        1,
        null,
        1,
        158,
        null,
        null,
        1,
        15,
        null,
        null,
        1,
        1,
        null,
        null,
        1,
        141,
        141,
        141,
        141,
        141,
        null,
        null,
        null,
        null,
        null,
        null,
        null,
        null,
        null,
        null,
        null,
        null,
        null,
        null,
        null,
        null,
        null,
        null,
        null
      ],
      "/Users/pilipolkin/ruby_projects/cbva/spec/models/team_spec.rb": [
        1,
        null,
        1,
        19,
        null,
        9,
        null,
        2,
        2,
        2,
        2,
        2,
        2,
        2,
        null,
        2,
        null,
        1,
        1,
        1,
        3,
        3,
        null,
        null,
        null,
        null,
        1,
        1,
        1,
        3,
        3,
        null,
        null,
        null,
        1,
        1,
        1,
        7,
        7,
        null,
        null,
        null,
        1,
        1,
        null,
        1,
        5,
        5,
        null,
        null,
        null,
        1,
        1,
        1,
        null,
        null,
        null,
        1,
        1,
        1,
        1,
        1,
        1,
        null,
        null,
        null,
        1,
        3,
        null,
        1,
        1,
        null,
        null,
        1,
        1,
        1,
        null,
        null,
        null,
        1,
        1,
        1,
        null,
        null,
        1,
        1,
        1,
        null,
        null,
        null
      ],
      "/Users/pilipolkin/ruby_projects/cbva/app/models/team.rb": [
        1,
        193,
        null,
        1,
        1,
        null,
        1,
        1,
        1,
        1,
        1,
        null,
        null,
        null,
        null,
        null,
        null,
        null,
        null,
        null,
        null,
        1,
        1,
        1,
        1,
        1,
        null,
        null
      ],
      "/Users/pilipolkin/ruby_projects/cbva/spec/models/tier_setting_spec.rb": [
        1,
        null,
        1,
        1,
        26,
        null,
        null,
        13,
        null,
        2,
        2,
        2,
        2,
        2,
        2,
        2,
        2,
        2,
        2,
        2,
        null,
        2,
        null,
        1,
        1,
        1,
        4,
        4,
        null,
        null,
        null,
        1,
        1,
        1,
        3,
        3,
        null,
        null,
        null,
        1,
        1,
        1,
        3,
        3,
        null,
        null,
        null,
        1,
        1,
        1,
        4,
        4,
        null,
        null,
        null,
        1,
        1,
        1,
        3,
        3,
        null,
        null,
        null,
        1,
        1,
        null,
        null,
        null,
        1,
        1,
        null,
        null,
        null,
        null,
        1,
        1,
        null,
        null,
        null,
        null,
        null,
        null,
        null,
        null,
        null,
        null,
        null,
        null,
        null,
        1,
        13,
        13,
        null,
        null,
        null,
        1,
        1,
        1,
        5,
        5,
        null,
        null,
        null,
        1,
        1,
        1,
        3,
        3,
        null,
        null,
        null,
        1,
        1,
        1,
        4,
        4,
        null,
        null,
        null,
        1,
        1,
        1,
        2,
        2,
        null,
        null,
        null,
        null,
        1,
        4,
        null,
        1,
        1,
        null,
        null,
        1,
        1,
        1,
        null,
        null,
        1,
        1,
        1,
        null,
        null,
        null,
        null
      ],
      "/Users/pilipolkin/ruby_projects/cbva/app/models/tier_setting.rb": [
        1,
        1,
        1,
        null,
        1,
        1,
        1,
        135,
        1,
        1,
        1,
        1,
        null,
        1,
        1,
        1,
        null
      ],
      "/Users/pilipolkin/ruby_projects/cbva/app/validators/set_points_validator.rb": [
        1,
        1,
        135,
        135,
        1,
        1,
        null,
        null,
        null,
        134,
        397,
        null,
        null,
        null,
        null
      ],
      "/Users/pilipolkin/ruby_projects/cbva/app/validators/match_times_validator.rb": [
        1,
        1,
        135,
        135,
        null,
        null
      ],
      "/Users/pilipolkin/ruby_projects/cbva/app/validators/tier_schedule_pattern_validator.rb": [
        1,
        1,
        1,
        1,
        null,
        1,
        135,
        13,
        13,
        null,
        null,
        135,
        null,
        null,
        135,
        null,
        null,
        133,
        null,
        133,
        null,
        132,
        132,
        null,
        null,
        null,
        1,
        1,
        132,
        132,
        377,
        377,
        null,
        377,
        null,
        377,
        null,
        376,
        null,
        368,
        null,
        368,
        null,
        null,
        null,
        9,
        null,
        null,
        123,
        123,
        null,
        859,
        null,
        859,
        null,
        123,
        null,
        null,
        123,
        119,
        null,
        119,
        119,
        null,
        119,
        119,
        null,
        null,
        null,
        1,
        123,
        368,
        736,
        1104,
        null,
        368,
        null,
        736,
        736,
        null,
        368,
        null,
        null,
        null,
        null,
        null,
        null
      ],
      "/Users/pilipolkin/ruby_projects/cbva/spec/models/user_spec.rb": [
        1,
        null,
        1,
        22,
        null,
        18,
        null,
        2,
        2,
        2,
        2,
        2,
        2,
        2,
        null,
        2,
        null,
        1,
        2,
        2,
        null,
        null,
        1,
        2,
        2,
        null,
        null,
        1,
        1,
        1,
        null,
        1,
        5,
        5,
        null,
        null,
        null,
        null,
        1,
        1,
        1,
        1,
        4,
        4,
        null,
        null,
        null,
        null,
        1,
        1,
        1,
        1,
        1,
        null,
        null,
        2,
        null,
        null,
        1,
        1,
        1,
        1,
        null,
        2,
        null,
        null,
        1,
        2,
        2,
        null,
        null,
        1,
        4,
        4,
        null,
        1,
        2,
        null,
        null,
        1,
        3,
        null,
        2,
        2,
        null,
        null,
        null,
        1,
        2,
        2,
        null,
        null,
        1,
        2,
        null,
        1,
        1,
        1,
        1,
        null,
        null,
        null,
        1,
        2,
        2,
        null,
        null
      ],
      "/Users/pilipolkin/ruby_projects/cbva/app/models/user.rb": [
        1,
        30,
        1,
        1,
        1,
        1,
        null,
        1,
        1,
        null,
        1,
        29,
        null,
        null,
        1,
        190,
        null,
        null,
        1,
        null,
        1,
        18,
        null,
        null
      ],
      "/Users/pilipolkin/ruby_projects/cbva/spec/models/week_spec.rb": [
        1,
        null,
        1,
        null,
        24,
        null,
        7,
        2,
        2,
        2,
        null,
        1,
        1,
        1,
        null,
        null,
        1,
        1,
        1,
        null,
        null,
        1,
        1,
        1,
        null,
        null,
        1,
        1,
        null,
        null,
        1,
        1,
        1,
        1,
        1,
        1,
        null,
        null,
        null,
        1,
        1,
        null,
        null,
        null,
        1,
        1,
        1,
        null,
        null,
        null,
        1,
        1,
        null,
        1,
        1,
        null,
        1,
        1,
        1,
        1,
        null,
        null,
        1,
        1,
        null,
        1,
        1,
        1,
        1,
        null,
        null,
        1,
        1,
        6,
        null,
        6,
        12,
        null,
        null,
        null,
        2,
        null,
        null,
        1,
        1,
        null,
        null,
        1,
        1,
        1,
        null,
        null,
        1,
        1,
        1,
        1,
        null,
        null,
        1,
        1,
        1,
        null,
        null,
        1,
        1,
        1,
        null,
        null,
        null,
        null,
        null,
        1,
        1,
        3,
        3,
        null,
        3,
        12,
        null,
        null,
        2,
        null,
        null,
        1,
        1,
        1,
        null,
        null,
        1,
        1,
        1,
        1,
        1,
        1,
        null,
        null,
        null,
        null,
        1,
        1,
        2,
        2,
        2,
        null,
        2,
        12,
        null,
        null,
        2,
        null,
        1,
        1,
        1,
        1,
        null,
        null,
        null,
        null,
        null
      ],
      "/Users/pilipolkin/ruby_projects/cbva/app/models/week.rb": [
        1,
        319,
        1,
        1,
        1,
        1,
        null,
        1,
        1,
        null,
        1,
        1,
        1,
        null,
        1,
        17,
        null,
        null,
        null,
        null,
        null,
        null,
        null,
        null,
        1,
        4,
        3,
        3,
        null,
        null,
        1,
        null,
        null,
        null,
        null,
        null,
        null,
        null,
        null,
        null,
        null,
        null,
        null,
        null,
        null,
        null,
        null,
        null,
        null,
        null,
        null,
        null,
        null,
        null,
        null,
        null,
        null,
        null,
        null,
        null,
        null,
        null,
        null,
        null,
        null,
        null,
        null,
        null,
        null,
        null,
        null,
        null,
        null,
        null,
        null,
        null,
        null,
        null,
        null,
        null,
        null,
        null,
        null,
        null,
        null,
        null,
        null,
        null,
        null,
        null,
        null,
        null,
        null,
        null,
        1,
        2,
        null,
        null
      ],
      "/Users/pilipolkin/ruby_projects/cbva/app/validators/registration_validator.rb": [
        1,
        1,
        213,
        null,
        250,
        213,
        null,
        null,
        213,
        null,
        null
      ],
      "/Users/pilipolkin/ruby_projects/cbva/app/validators/week_settings_validator.rb": [
        1,
        1,
        213,
        null,
        213,
        250,
        213,
        null,
        null,
        213,
        null,
        213,
        213,
        null,
        213,
        213,
        null,
        null,
        1,
        1,
        250,
        null,
        213,
        null,
        212,
        212,
        34,
        34,
        34,
        null,
        null,
        34,
        null,
        null,
        34,
        null,
        null,
        33,
        null,
        null,
        null,
        null,
        null,
        1,
        241,
        null,
        242,
        null,
        210,
        null,
        null,
        null,
        null
      ],
      "/Users/pilipolkin/ruby_projects/cbva/app/validators/standings_validator.rb": [
        1,
        1,
        213,
        288,
        null,
        213,
        null,
        null
      ],
      "/Users/pilipolkin/ruby_projects/cbva/spec/requests/Leagues_spec.rb": [
        1,
        null,
        1,
        null,
        1,
        null,
        1,
        1,
        null,
        1,
        1,
        null,
        null,
        1,
        1,
        1,
        null,
        null,
        1,
        1,
        null,
        1,
        1,
        null,
        null,
        null,
        1,
        1,
        1,
        1,
        null,
        null,
        1,
        1,
        1,
        null,
        1,
        1,
        1,
        1,
        null,
        null,
        null,
        null,
        1,
        1,
        2,
        2,
        null,
        null,
        2,
        2,
        null,
        null
      ],
      "/Users/pilipolkin/ruby_projects/cbva/spec/requests/authentication_pages_spec.rb": [
        1,
        null,
        1,
        null,
        10,
        null,
        1,
        10,
        null,
        1,
        5,
        null,
        2,
        2,
        2,
        null,
        1,
        2,
        2,
        null,
        null,
        null,
        1,
        6,
        1,
        5,
        5,
        5,
        null,
        null,
        2,
        2,
        2,
        2,
        null,
        1,
        2,
        2,
        null,
        null,
        null,
        null
      ],
      "/Users/pilipolkin/ruby_projects/cbva/spec/requests/standings_pages_spec.rb": [
        1,
        null,
        1,
        2,
        null,
        1,
        1,
        null,
        1,
        1,
        null,
        null,
        null
      ],
      "/Users/pilipolkin/ruby_projects/cbva/spec/requests/static_pages_spec.rb": [
        1,
        null,
        1,
        5,
        null,
        1,
        4,
        4,
        null,
        null,
        1,
        3,
        null,
        2,
        2,
        null,
        1,
        null,
        null,
        1,
        null,
        3,
        null,
        2,
        2,
        null,
        1,
        null,
        null,
        1,
        1,
        1,
        1,
        1,
        1,
        1,
        1,
        null,
        null,
        null
      ],
      "/Users/pilipolkin/ruby_projects/cbva/spec/requests/teams_spec.rb": [
        1,
        null,
        1,
        10,
        7,
        null,
        1,
        1,
        null,
        1,
        1,
        null,
        null,
        null,
        1,
        1,
        3,
        3,
        3,
        null,
        null,
        2,
        2,
        2,
        null,
        null,
        1,
        1,
        2,
        2,
        null,
        null,
        2,
        2,
        null,
        null,
        1,
        1,
        4,
        4,
        4,
        4,
        null,
        null,
        2,
        2,
        2,
        2,
        null,
        null,
        null,
        null
      ],
      "/Users/pilipolkin/ruby_projects/cbva/spec/requests/tier_settings_spec.rb": [
        1,
        null,
        1,
        null
      ],
      "/Users/pilipolkin/ruby_projects/cbva/spec/requests/user_pages_spec.rb": [
        1,
        null,
        1,
        null,
        1,
        null,
        null,
        null,
        null,
        null,
        null,
        null,
        null,
        null,
        null,
        null,
        null,
        null,
        null,
        null,
        null,
        null,
        null,
        null,
        null,
        null,
        null,
        null,
        null,
        null,
        null,
        null,
        null,
        null,
        null,
        null,
        null,
        null,
        null,
        null,
        null,
        null,
        null,
        null,
        null,
        null,
        null,
        null,
        null,
        null,
        null,
        null,
        null,
        null,
        null,
        null,
        null,
        null,
        null,
        null,
        null,
        null,
        null,
        null,
        null,
        null,
        null
      ],
      "/Users/pilipolkin/ruby_projects/cbva/spec/requests/weeks_spec.rb": [
        1,
        null,
        1,
        3,
        null,
        1,
        1,
        null,
        1,
        1,
        null,
        null,
        null,
        1,
        1,
        1,
        1,
        1,
        1,
        1,
        null,
        null,
        null,
        1,
        null
      ],
      "/Users/pilipolkin/ruby_projects/cbva/spec/routing/Leagues_routing_spec.rb": [
        1,
        null,
        1,
        1,
        null,
        1,
        1,
        null,
        null,
        1,
        1,
        null,
        null,
        1,
        1,
        null,
        null,
        1,
        1,
        null,
        null,
        1,
        1,
        null,
        null,
        1,
        1,
        null,
        null,
        1,
        1,
        null,
        null,
        null,
        null
      ],
      "/Users/pilipolkin/ruby_projects/cbva/spec/routing/standings_routing_spec.rb": [
        1,
        null,
        1,
        1,
        1,
        1,
        null,
        null,
        1,
        1,
        null,
        null,
        1,
        1,
        null,
        null,
        1,
        1,
        null,
        null,
        1,
        1,
        null,
        null,
        1,
        1,
        null,
        null,
        null,
        null
      ],
      "/Users/pilipolkin/ruby_projects/cbva/spec/routing/teams_routing_spec.rb": [
        1,
        null,
        1,
        null,
        1,
        null,
        1,
        1,
        null,
        null,
        1,
        1,
        null,
        null,
        1,
        1,
        null,
        null,
        1,
        1,
        null,
        null,
        1,
        1,
        null,
        null,
        1,
        1,
        null,
        null,
        null,
        null
      ],
      "/Users/pilipolkin/ruby_projects/cbva/spec/routing/tier_settings_routing_spec.rb": [
        1,
        null,
        1,
        1,
        1,
        1,
        null,
        null,
        1,
        1,
        null,
        null,
        1,
        1,
        null,
        null,
        1,
        1,
        null,
        null,
        1,
        1,
        null,
        null,
        null,
        null
      ],
      "/Users/pilipolkin/ruby_projects/cbva/spec/routing/weeks_routing_spec.rb": [
        1,
        null,
        1,
        1,
        null,
        1,
        1,
        null,
        null,
        1,
        1,
        null,
        null,
        1,
        1,
        null,
        null,
        1,
        1,
        null,
        null,
        null
      ],
      "/Users/pilipolkin/ruby_projects/cbva/spec/views/Leagues/edit.html.erb_spec.rb": [
        1,
        null,
        1,
        1,
        1,
        null,
        null,
        null,
        null,
        1,
        1,
        null,
        null,
        1,
        1,
        1,
        null,
        null,
        null
      ],
      "/Users/pilipolkin/ruby_projects/cbva/spec/views/Leagues/index.html.erb_spec.rb": [
        1,
        null,
        1,
        null,
        1,
        1,
        1,
        1,
        1,
        null,
        null,
        null,
        null,
        1,
        1,
        3,
        null,
        null,
        null,
        null,
        null,
        null,
        null,
        1,
        1,
        null,
        1,
        null,
        null,
        1,
        1,
        1,
        null,
        null,
        1,
        1,
        1,
        1,
        null,
        null,
        null,
        null,
        null
      ],
      "/Users/pilipolkin/ruby_projects/cbva/spec/views/Leagues/new.html.erb_spec.rb": [
        1,
        null,
        1,
        1,
        1,
        null,
        null,
        null,
        1,
        1,
        null,
        null,
        1,
        1,
        1,
        null,
        null,
        null
      ],
      "/Users/pilipolkin/ruby_projects/cbva/spec/views/standings/edit.html.erb_spec.rb": [
        1,
        null,
        1,
        2,
        2,
        null,
        1,
        1,
        null,
        null,
        null,
        null,
        null,
        null,
        null,
        1,
        1,
        null,
        null,
        1,
        1,
        1,
        null,
        null,
        null,
        null
      ],
      "/Users/pilipolkin/ruby_projects/cbva/spec/views/standings/new.html.erb_spec.rb": [
        1,
        null,
        1,
        2,
        2,
        null,
        1,
        1,
        null,
        null,
        null,
        null,
        null,
        null,
        1,
        null,
        null,
        1,
        1,
        null,
        null,
        1,
        1,
        1,
        null,
        null,
        null,
        null,
        null,
        null
      ],
      "/Users/pilipolkin/ruby_projects/cbva/spec/views/standings/show.html.erb_spec.rb": [
        1,
        null,
        1,
        null,
        1,
        2,
        2,
        2,
        null,
        2,
        null,
        null,
        null,
        null,
        null,
        null,
        null,
        null,
        1,
        1,
        null,
        1,
        1,
        null,
        1,
        1,
        1,
        null,
        null,
        1,
        1,
        1,
        1,
        1,
        1,
        null,
        1,
        1,
        1,
        1,
        1,
        1,
        1,
        1,
        null,
        null
      ],
      "/Users/pilipolkin/ruby_projects/cbva/spec/views/static_pages/contact.html.erb_spec.rb": [
        1,
        null,
        1,
        1,
        null
      ],
      "/Users/pilipolkin/ruby_projects/cbva/spec/views/static_pages/home.html.erb_spec.rb": [
        1,
        null,
        1,
        1,
        null
      ],
      "/Users/pilipolkin/ruby_projects/cbva/spec/views/teams/edit.html.erb_spec.rb": [
        1,
        null,
        1,
        2,
        1,
        1,
        null,
        null,
        null,
        null,
        null,
        null,
        null,
        1,
        1,
        null,
        null,
        1,
        1,
        1,
        1,
        null,
        null,
        null
      ],
      "/Users/pilipolkin/ruby_projects/cbva/spec/views/teams/index.html.erb_spec.rb": [
        1,
        null,
        1,
        2,
        null,
        1,
        1,
        null,
        null,
        null,
        null,
        null,
        null,
        null,
        null,
        null,
        null,
        null,
        null,
        null,
        null,
        1,
        null,
        null,
        1,
        1,
        null,
        1,
        1,
        1,
        null,
        null,
        1,
        null,
        null,
        null
      ],
      "/Users/pilipolkin/ruby_projects/cbva/spec/views/teams/new.html.erb_spec.rb": [
        1,
        null,
        1,
        2,
        null,
        1,
        1,
        null,
        null,
        null,
        null,
        null,
        1,
        null,
        null,
        1,
        1,
        null,
        null,
        1,
        1,
        1,
        1,
        null,
        null,
        null
      ],
      "/Users/pilipolkin/ruby_projects/cbva/spec/views/teams/show.html.erb_spec.rb": [
        1,
        null,
        1,
        null,
        1,
        1,
        null,
        null,
        null,
        null,
        null,
        1,
        null,
        1,
        1,
        null,
        null,
        null,
        null,
        1,
        1,
        null
      ],
      "/Users/pilipolkin/ruby_projects/cbva/spec/views/tier_settings/edit.html.erb_spec.rb": [
        1,
        null,
        1,
        2,
        1,
        1,
        null,
        null,
        null,
        null,
        null,
        null,
        null,
        null,
        null,
        1,
        1,
        null,
        null,
        1,
        1,
        1,
        1,
        null,
        null,
        1,
        null,
        null,
        null
      ],
      "/Users/pilipolkin/ruby_projects/cbva/spec/views/tier_settings/new.html.erb_spec.rb": [
        1,
        null,
        1,
        2,
        1,
        1,
        null,
        null,
        null,
        null,
        null,
        null,
        null,
        null,
        1,
        null,
        null,
        1,
        1,
        null,
        null,
        1,
        1,
        1,
        1,
        null,
        null,
        1,
        null,
        null,
        null
      ],
      "/Users/pilipolkin/ruby_projects/cbva/spec/views/weeks/show.html.erb_spec.rb": [
        1,
        null,
        1,
        null,
        1,
        1,
        1,
        null,
        null,
        null,
        null,
        1,
        null,
        1,
        1,
        1,
        null,
        null,
        null,
        1,
        1,
        1,
        null,
        null,
        null,
        null,
        1,
        null,
        1,
        1,
        null,
        null
      ],
      "/Users/pilipolkin/ruby_projects/cbva/app/controllers/sessions_controller.rb": [
        1,
        1,
        null,
        null,
        1,
        11,
        11,
        7,
        7,
        null,
        4,
        4,
        null,
        null,
        null,
        1,
        1,
        1,
        null,
        null
      ]
    },
    "timestamp": 1407885985
  }
}
